2023-07-05 16:03:53.186881 - Started
2023-07-05 16:04:40.452741 - Started
2023-07-05 16:04:55.121300 - England1 done
2023-07-05 16:17:03.402356 - Started
2023-07-05 16:17:22.090960 - England1 done
2023-07-05 16:23:53.464204 - Europe done
2023-07-05 16:27:11.904840 - Brazil done
2023-07-05 16:29:50.438881 - South America done
2023-07-05 16:31:27.510789 - North America done
2023-07-05 16:33:10.315591 - Asia done
2023-07-05 16:55:39.617366 - Africa done
2023-07-05 16:56:39.879729 - Oceania done
2023-07-05 16:56:41.363445 - Finish
2023-07-05 17:03:31.581008 - Started
2023-07-05 17:03:47.136168 - England1 done
2023-07-05 17:03:47.710458 - Brazil done
2023-07-05 17:03:48.231954 - South America done
2023-07-05 17:03:48.834095 - North America done
2023-07-05 17:03:49.373779 - Asia done
2023-07-05 17:03:49.886462 - Africa done
2023-07-05 17:03:50.419940 - Oceania done
2023-07-05 17:03:51.458518 - Finish
2023-07-05 17:03:51.459426 - 
2023-07-05 17:05:27.566515 - Started
2023-07-05 17:05:43.995364 - England1 done
2023-07-05 17:05:44.989816 - Brazil done
2023-07-05 17:05:45.667769 - South America done
2023-07-05 17:05:46.206990 - North America done
2023-07-05 17:05:46.999962 - Asia done
2023-07-05 17:05:47.652583 - Africa done
2023-07-05 17:05:48.356681 - Oceania done
2023-07-05 17:05:49.418179 - Finish
2023-07-05 17:05:49.419121 - 
2023-07-05 17:06:47.634638 - Started
2023-07-05 17:07:02.268718 - England1 done
2023-07-05 17:07:02.850824 - Brazil done
2023-07-05 17:07:03.364181 - South America done
2023-07-05 17:07:03.904333 - North America done
2023-07-05 17:07:04.428716 - Asia done
2023-07-05 17:07:04.985825 - Africa done
2023-07-05 17:07:05.505289 - Oceania done
2023-07-05 17:07:06.542367 - Finish
2023-07-05 17:07:06.543371 - 
2023-07-05 17:08:49.828430 - Started
2023-07-05 17:09:10,596 - INFO - NumExpr defaulting to 8 threads.
2023-07-05 17:09:11.789625 - England1 done
2023-07-05 17:09:12.412727 - Brazil done
2023-07-05 17:09:12.968267 - South America done
2023-07-05 17:09:13.660562 - North America done
2023-07-05 17:09:14.424328 - Asia done
2023-07-05 17:09:14.999439 - Africa done
2023-07-05 17:09:15.620675 - Oceania done
2023-07-05 17:09:16.631876 - Finish
2023-07-05 17:09:16.632877 - 
2023-07-05 17:11:35.193116 - Started
2023-07-05 17:11:49,772 - INFO - NumExpr defaulting to 8 threads.
2023-07-05 17:11:50.763018 - England1 done
2023-07-05 17:11:51.314528 - Brazil done
2023-07-05 17:11:51.914472 - South America done
2023-07-05 17:11:52.465224 - North America done
2023-07-05 17:11:53.005726 - Asia done
2023-07-05 17:11:53.544173 - Africa done
2023-07-05 17:11:54.069294 - Oceania done
2023-07-05 17:11:55.077156 - Finish
2023-07-05 17:11:55.077668 - 
2023-07-05 17:12:21.297189 - Started
2023-07-05 17:12:36,992 - INFO - NumExpr defaulting to 8 threads.
2023-07-05 17:12:37.913815 - England1 done
2023-07-05 17:12:38.423675 - Brazil done
2023-07-05 17:12:39.004741 - South America done
2023-07-05 17:12:39.701381 - North America done
2023-07-05 17:12:40.326410 - Asia done
2023-07-05 17:12:40.925479 - Africa done
2023-07-05 17:12:41.528275 - Oceania done
2023-07-05 17:12:42.534254 - Finish
2023-07-05 17:12:42.534254 - 
2023-07-05 17:14:36.406968 - Started
2023-07-05 17:14:51,007 - INFO - NumExpr defaulting to 8 threads.
2023-07-05 17:14:51.924304 - England1 done
2023-07-05 17:14:52.443959 - Brazil done
2023-07-05 17:14:52.968826 - South America done
2023-07-05 17:14:53.496871 - North America done
2023-07-05 17:14:54.018421 - Asia done
2023-07-05 17:14:54.558044 - Africa done
2023-07-05 17:14:55.101177 - Oceania done
2023-07-05 17:14:56.112672 - Finish
2023-07-05 17:14:56.113553 - 
2023-07-05 17:15:54.069815 - Started
2023-07-05 17:16:08,833 - INFO - NumExpr defaulting to 8 threads.
2023-07-05 17:16:09.859546 - England1 done
2023-07-05 17:23:59.920091 - Started
2023-07-05 17:24:14,587 - INFO - NumExpr defaulting to 8 threads.
2023-07-05 17:24:15.647213 - England1 done
2023-07-05 17:30:59.776522 - Europe done
2023-07-05 17:34:13.072267 - Brazil done
2023-07-05 17:36:51.745976 - South America done
2023-07-05 17:38:40.214584 - North America done
2023-07-05 17:40:41.074185 - Asia done
2023-07-05 17:41:30.349255 - Africa done
2023-07-05 17:42:18.292780 - Oceania done
2023-07-05 17:42:19.311890 - Finish
2023-07-05 17:42:19.312883 - 
